<?xml version="1.0" encoding="UTF-8"?>
<testsuite xmlns:xsi="http://www.w3.org/2001/XMLSchema-instance" xsi:noNamespaceSchemaLocation="https://maven.apache.org/surefire/maven-surefire-plugin/xsd/surefire-test-report.xsd" name="cn.techen.lbs.test.RxtxTest" time="0.074" tests="1" errors="0" skipped="0" failures="0">
  <properties>
    <property name="sun.desktop" value="windows"/>
    <property name="awt.toolkit" value="sun.awt.windows.WToolkit"/>
    <property name="file.encoding.pkg" value="sun.io"/>
    <property name="java.specification.version" value="1.8"/>
    <property name="sun.cpu.isalist" value="amd64"/>
    <property name="sun.jnu.encoding" value="Cp1252"/>
    <property name="java.class.path" value="D:\Workspace\lbs-parent\lbs-transport-rxtx\target\test-classes;D:\Workspace\lbs-parent\lbs-transport-rxtx\target\classes;C:\Users\ZY\.m2\repository\org\rxtx\rxtx-osgi\2.2-pre2\rxtx-osgi-2.2-pre2.jar;C:\Users\ZY\.m2\repository\junit\junit\4.11\junit-4.11.jar;C:\Users\ZY\.m2\repository\org\hamcrest\hamcrest-core\1.3\hamcrest-core-1.3.jar;C:\Users\ZY\.m2\repository\org\apache\felix\org.apache.felix.framework\5.6.10\org.apache.felix.framework-5.6.10.jar;C:\Users\ZY\.m2\repository\log4j\log4j\1.2.17\log4j-1.2.17.jar;C:\Users\ZY\.m2\repository\org\slf4j\slf4j-api\1.7.7\slf4j-api-1.7.7.jar;C:\Users\ZY\.m2\repository\org\slf4j\slf4j-log4j12\1.7.7\slf4j-log4j12-1.7.7.jar;"/>
    <property name="java.vm.vendor" value="Oracle Corporation"/>
    <property name="sun.arch.data.model" value="64"/>
    <property name="user.variant" value=""/>
    <property name="java.vendor.url" value="http://java.oracle.com/"/>
    <property name="user.timezone" value="Asia/Shanghai"/>
    <property name="java.vm.specification.version" value="1.8"/>
    <property name="os.name" value="Windows 10"/>
    <property name="user.country" value="CN"/>
    <property name="sun.java.launcher" value="SUN_STANDARD"/>
    <property name="sun.boot.library.path" value="D:\Work\Program\Java\jdk1.8.0\jre\bin"/>
    <property name="sun.java.command" value="C:\Users\ZY\AppData\Local\Temp\surefire8148576605977655433\surefirebooter333755796070912746.jar C:\Users\ZY\AppData\Local\Temp\surefire8148576605977655433 2018-06-29T17-03-30_297-jvmRun1 surefire5283230220173518665tmp surefire_08712804247200585236tmp"/>
    <property name="surefire.test.class.path" value="D:\Workspace\lbs-parent\lbs-transport-rxtx\target\test-classes;D:\Workspace\lbs-parent\lbs-transport-rxtx\target\classes;C:\Users\ZY\.m2\repository\org\rxtx\rxtx-osgi\2.2-pre2\rxtx-osgi-2.2-pre2.jar;C:\Users\ZY\.m2\repository\junit\junit\4.11\junit-4.11.jar;C:\Users\ZY\.m2\repository\org\hamcrest\hamcrest-core\1.3\hamcrest-core-1.3.jar;C:\Users\ZY\.m2\repository\org\apache\felix\org.apache.felix.framework\5.6.10\org.apache.felix.framework-5.6.10.jar;C:\Users\ZY\.m2\repository\log4j\log4j\1.2.17\log4j-1.2.17.jar;C:\Users\ZY\.m2\repository\org\slf4j\slf4j-api\1.7.7\slf4j-api-1.7.7.jar;C:\Users\ZY\.m2\repository\org\slf4j\slf4j-log4j12\1.7.7\slf4j-log4j12-1.7.7.jar;"/>
    <property name="sun.cpu.endian" value="little"/>
    <property name="user.home" value="C:\Users\ZY"/>
    <property name="user.language" value="zh"/>
    <property name="java.specification.vendor" value="Oracle Corporation"/>
    <property name="java.home" value="D:\Work\Program\Java\jdk1.8.0\jre"/>
    <property name="basedir" value="D:\Workspace\lbs-parent\lbs-transport-rxtx"/>
    <property name="file.separator" value="\"/>
    <property name="line.separator" value="&#10;"/>
    <property name="java.vm.specification.vendor" value="Oracle Corporation"/>
    <property name="java.specification.name" value="Java Platform API Specification"/>
    <property name="java.awt.graphicsenv" value="sun.awt.Win32GraphicsEnvironment"/>
    <property name="surefire.real.class.path" value="C:\Users\ZY\AppData\Local\Temp\surefire8148576605977655433\surefirebooter333755796070912746.jar"/>
    <property name="sun.boot.class.path" value="D:\Work\Program\Java\jdk1.8.0\jre\lib\resources.jar;D:\Work\Program\Java\jdk1.8.0\jre\lib\rt.jar;D:\Work\Program\Java\jdk1.8.0\jre\lib\sunrsasign.jar;D:\Work\Program\Java\jdk1.8.0\jre\lib\jsse.jar;D:\Work\Program\Java\jdk1.8.0\jre\lib\jce.jar;D:\Work\Program\Java\jdk1.8.0\jre\lib\charsets.jar;D:\Work\Program\Java\jdk1.8.0\jre\lib\jfr.jar;D:\Work\Program\Java\jdk1.8.0\jre\classes"/>
    <property name="user.script" value=""/>
    <property name="sun.management.compiler" value="HotSpot 64-Bit Tiered Compilers"/>
    <property name="java.runtime.version" value="1.8.0_152-b16"/>
    <property name="user.name" value="ZY"/>
    <property name="path.separator" value=";"/>
    <property name="os.version" value="10.0"/>
    <property name="java.endorsed.dirs" value="D:\Work\Program\Java\jdk1.8.0\jre\lib\endorsed"/>
    <property name="java.runtime.name" value="Java(TM) SE Runtime Environment"/>
    <property name="file.encoding" value="Cp1252"/>
    <property name="java.vm.name" value="Java HotSpot(TM) 64-Bit Server VM"/>
    <property name="localRepository" value="C:\Users\ZY\.m2\repository"/>
    <property name="java.vendor.url.bug" value="http://bugreport.sun.com/bugreport/"/>
    <property name="java.io.tmpdir" value="C:\Users\ZY\AppData\Local\Temp\"/>
    <property name="java.version" value="1.8.0_152"/>
    <property name="user.dir" value="D:\Workspace\lbs-parent\lbs-transport-rxtx"/>
    <property name="os.arch" value="amd64"/>
    <property name="java.vm.specification.name" value="Java Virtual Machine Specification"/>
    <property name="java.awt.printerjob" value="sun.awt.windows.WPrinterJob"/>
    <property name="sun.os.patch.level" value=""/>
    <property name="java.library.path" value="D:\Work\Program\Java\jdk1.8.0\jre\bin;C:\WINDOWS\Sun\Java\bin;C:\WINDOWS\system32;C:\WINDOWS;D:/Work/Program/Java/jre1.8.0/bin/server;D:/Work/Program/Java/jre1.8.0/bin;D:/Work/Program/Java/jre1.8.0/lib/amd64;C:\Program Files (x86)\Intel\Intel(R) Management Engine Components\iCLS\;C:\Program Files\Intel\Intel(R) Management Engine Components\iCLS\;C:\ProgramData\Oracle\Java\javapath;C:\WINDOWS\system32;C:\WINDOWS;C:\WINDOWS\System32\Wbem;C:\WINDOWS\System32\WindowsPowerShell\v1.0\;C:\Program Files (x86)\Microsoft SQL Server\100\Tools\Binn\;C:\Program Files\Microsoft SQL Server\100\Tools\Binn\;C:\Program Files\Microsoft SQL Server\100\DTS\Binn\;C:\Program Files (x86)\Microsoft SQL Server\100\Tools\Binn\VSShell\Common7\IDE\;C:\Program Files (x86)\Microsoft Visual Studio 9.0\Common7\IDE\PrivateAssemblies\;C:\Program Files (x86)\Microsoft SQL Server\100\DTS\Binn\;D:\Work\App\apache-karaf-4.0.8\bin;D:\Work\Program\Java\apache-maven-3.5.3\bin;D:\Work\Program\Java\jdk1.8.0\bin;D:\Work\Program\Java\jdk1.8.0\jre\bin;C:\Program Files\TortoiseSVN\bin;D:\Program\Git\cmd;C:\Program Files (x86)\Intel\Intel(R) Management Engine Components\DAL;C:\Program Files\Intel\Intel(R) Management Engine Components\DAL;C:\Program Files (x86)\Intel\Intel(R) Management Engine Components\IPT;C:\Program Files\Intel\Intel(R) Management Engine Components\IPT;C:\WINDOWS\System32\OpenSSH\;C:\ProgramData\ZY\GitHubDesktop\bin;%USERPROFILE%\AppData\Local\Microsoft\WindowsApps;;D:\Program\eclipse;;."/>
    <property name="java.vm.info" value="mixed mode"/>
    <property name="java.vendor" value="Oracle Corporation"/>
    <property name="java.vm.version" value="25.152-b16"/>
    <property name="java.ext.dirs" value="D:\Work\Program\Java\jdk1.8.0\jre\lib\ext;C:\WINDOWS\Sun\Java\lib\ext"/>
    <property name="sun.io.unicode.encoding" value="UnicodeLittle"/>
    <property name="java.class.version" value="52.0"/>
  </properties>
  <testcase name="testGetMeter" classname="cn.techen.lbs.test.RxtxTest" time="0.026"/>
</testsuite>